# JRE version: Java(TM) SE Runtime Environment (8.0_144-b01) (build 1.8.0_144-b01)
# Java VM: Java HotSpot(TM) 64-Bit Server VM (25.144-b01 mixed mode windows-amd64 compressed oops)
Heap:
 PSYoungGen      total 66560K, used 9285K [0x00000000eb500000, 0x00000000f1e00000, 0x0000000100000000)
  eden space 58368K, 1% used [0x00000000eb500000,0x00000000eb618830,0x00000000eee00000)
  from space 8192K, 99% used [0x00000000eee00000,0x00000000ef5f8bf0,0x00000000ef600000)
  to   space 9728K, 0% used [0x00000000f1480000,0x00000000f1480000,0x00000000f1e00000)
 ParOldGen       total 35328K, used 11692K [0x00000000c1e00000, 0x00000000c4080000, 0x00000000eb500000)
  object space 35328K, 33% used [0x00000000c1e00000,0x00000000c296b238,0x00000000c4080000)
 Metaspace       used 33640K, capacity 35358K, committed 35456K, reserved 1079296K
  class space    used 4668K, capacity 4980K, committed 4992K, reserved 1048576K
GC Heap History (10 events):
Event: 13.703 GC heap before
{Heap before GC invocations=6 (full 1):
 PSYoungGen      total 18944K, used 2544K [0x00000000eb500000, 0x00000000ee600000, 0x0000000100000000)
  eden space 16384K, 0% used [0x00000000eb500000,0x00000000eb500000,0x00000000ec500000)
  from space 2560K, 99% used [0x00000000ec500000,0x00000000ec77c030,0x00000000ec780000)
  to   space 8704K, 0% used [0x00000000edd80000,0x00000000edd80000,0x00000000ee600000)
 ParOldGen       total 44032K, used 10855K [0x00000000c1e00000, 0x00000000c4900000, 0x00000000eb500000)
  object space 44032K, 24% used [0x00000000c1e00000,0x00000000c2899d68,0x00000000c4900000)
 Metaspace       used 20169K, capacity 21146K, committed 21296K, reserved 1067008K
  class space    used 2864K, capacity 3112K, committed 3200K, reserved 1048576K
Event: 13.754 GC heap after
Heap after GC invocations=6 (full 1):
 PSYoungGen      total 18944K, used 0K [0x00000000eb500000, 0x00000000ee600000, 0x0000000100000000)
  eden space 16384K, 0% used [0x00000000eb500000,0x00000000eb500000,0x00000000ec500000)
  from space 2560K, 0% used [0x00000000ec500000,0x00000000ec500000,0x00000000ec780000)
  to   space 8704K, 0% used [0x00000000edd80000,0x00000000edd80000,0x00000000ee600000)
 ParOldGen       total 35328K, used 10451K [0x00000000c1e00000, 0x00000000c4080000, 0x00000000eb500000)
  object space 35328K, 29% used [0x00000000c1e00000,0x00000000c2834e50,0x00000000c4080000)
 Metaspace       used 20169K, capacity 21146K, committed 21296K, reserved 1067008K
  class space    used 2864K, capacity 3112K, committed 3200K, reserved 1048576K
}
Event: 13.985 GC heap before
{Heap before GC invocations=7 (full 1):
 PSYoungGen      total 18944K, used 16384K [0x00000000eb500000, 0x00000000ee600000, 0x0000000100000000)
  eden space 16384K, 100% used [0x00000000eb500000,0x00000000ec500000,0x00000000ec500000)
  from space 2560K, 0% used [0x00000000ec500000,0x00000000ec500000,0x00000000ec780000)
  to   space 8704K, 0% used [0x00000000edd80000,0x00000000edd80000,0x00000000ee600000)
 ParOldGen       total 35328K, used 10451K [0x00000000c1e00000, 0x00000000c4080000, 0x00000000eb500000)
  object space 35328K, 29% used [0x00000000c1e00000,0x00000000c2834e50,0x00000000c4080000)
 Metaspace       used 23666K, capacity 24640K, committed 24960K, reserved 1071104K
  class space    used 3365K, capacity 3593K, committed 3712K, reserved 1048576K
Event: 13.989 GC heap after
Heap after GC invocations=7 (full 1):
 PSYoungGen      total 38400K, used 3131K [0x00000000eb500000, 0x00000000ee480000, 0x0000000100000000)
  eden space 31232K, 0% used [0x00000000eb500000,0x00000000eb500000,0x00000000ed380000)
  from space 7168K, 43% used [0x00000000edd80000,0x00000000ee08ef30,0x00000000ee480000)
  to   space 8704K, 0% used [0x00000000ed380000,0x00000000ed380000,0x00000000edc00000)
 ParOldGen       total 35328K, used 10459K [0x00000000c1e00000, 0x00000000c4080000, 0x00000000eb500000)
  object space 35328K, 29% used [0x00000000c1e00000,0x00000000c2836e50,0x00000000c4080000)
 Metaspace       used 23666K, capacity 24640K, committed 24960K, reserved 1071104K
  class space    used 3365K, capacity 3593K, committed 3712K, reserved 1048576K
}
Event: 14.393 GC heap before
{Heap before GC invocations=8 (full 1):
 PSYoungGen      total 38400K, used 34363K [0x00000000eb500000, 0x00000000ee480000, 0x0000000100000000)
  eden space 31232K, 100% used [0x00000000eb500000,0x00000000ed380000,0x00000000ed380000)
  from space 7168K, 43% used [0x00000000edd80000,0x00000000ee08ef30,0x00000000ee480000)
  to   space 8704K, 0% used [0x00000000ed380000,0x00000000ed380000,0x00000000edc00000)
 ParOldGen       total 35328K, used 10459K [0x00000000c1e00000, 0x00000000c4080000, 0x00000000eb500000)
  object space 35328K, 29% used [0x00000000c1e00000,0x00000000c2836e50,0x00000000c4080000)
 Metaspace       used 27322K, capacity 28362K, committed 28416K, reserved 1073152K
  class space    used 3843K, capacity 4080K, committed 4096K, reserved 1048576K
Event: 14.397 GC heap after
Heap after GC invocations=8 (full 1):
 PSYoungGen      total 39936K, used 5025K [0x00000000eb500000, 0x00000000efe00000, 0x0000000100000000)
  eden space 31232K, 0% used [0x00000000eb500000,0x00000000eb500000,0x00000000ed380000)
  from space 8704K, 57% used [0x00000000ed380000,0x00000000ed868600,0x00000000edc00000)
  to   space 8192K, 0% used [0x00000000ef600000,0x00000000ef600000,0x00000000efe00000)
 ParOldGen       total 35328K, used 10467K [0x00000000c1e00000, 0x00000000c4080000, 0x00000000eb500000)
  object space 35328K, 29% used [0x00000000c1e00000,0x00000000c2838e50,0x00000000c4080000)
 Metaspace       used 27322K, capacity 28362K, committed 28416K, reserved 1073152K
  class space    used 3843K, capacity 4080K, committed 4096K, reserved 1048576K
}
Event: 14.499 GC heap before
{Heap before GC invocations=9 (full 1):
 PSYoungGen      total 39936K, used 36257K [0x00000000eb500000, 0x00000000efe00000, 0x0000000100000000)
  eden space 31232K, 100% used [0x00000000eb500000,0x00000000ed380000,0x00000000ed380000)
  from space 8704K, 57% used [0x00000000ed380000,0x00000000ed868600,0x00000000edc00000)
  to   space 8192K, 0% used [0x00000000ef600000,0x00000000ef600000,0x00000000efe00000)
 ParOldGen       total 35328K, used 10467K [0x00000000c1e00000, 0x00000000c4080000, 0x00000000eb500000)
  object space 35328K, 29% used [0x00000000c1e00000,0x00000000c2838e50,0x00000000c4080000)
 Metaspace       used 27680K, capacity 28714K, committed 29056K, reserved 1075200K
  class space    used 3869K, capacity 4112K, committed 4224K, reserved 1048576K
Event: 14.503 GC heap after
Heap after GC invocations=9 (full 1):
 PSYoungGen      total 66560K, used 3738K [0x00000000eb500000, 0x00000000efe80000, 0x0000000100000000)
  eden space 58368K, 0% used [0x00000000eb500000,0x00000000eb500000,0x00000000eee00000)
  from space 8192K, 45% used [0x00000000ef600000,0x00000000ef9a68c0,0x00000000efe00000)
  to   space 8192K, 0% used [0x00000000eee00000,0x00000000eee00000,0x00000000ef600000)
 ParOldGen       total 35328K, used 10475K [0x00000000c1e00000, 0x00000000c4080000, 0x00000000eb500000)
  object space 35328K, 29% used [0x00000000c1e00000,0x00000000c283ae50,0x00000000c4080000)
 Metaspace       used 27680K, capacity 28714K, committed 29056K, reserved 1075200K
  class space    used 3869K, capacity 4112K, committed 4224K, reserved 1048576K
}
Event: 108.760 GC heap before
{Heap before GC invocations=10 (full 1):
 PSYoungGen      total 66560K, used 62106K [0x00000000eb500000, 0x00000000efe80000, 0x0000000100000000)
  eden space 58368K, 100% used [0x00000000eb500000,0x00000000eee00000,0x00000000eee00000)
  from space 8192K, 45% used [0x00000000ef600000,0x00000000ef9a68c0,0x00000000efe00000)
  to   space 8192K, 0% used [0x00000000eee00000,0x00000000eee00000,0x00000000ef600000)
 ParOldGen       total 35328K, used 10475K [0x00000000c1e00000, 0x00000000c4080000, 0x00000000eb500000)
  object space 35328K, 29% used [0x00000000c1e00000,0x00000000c283ae50,0x00000000c4080000)
 Metaspace       used 33634K, capacity 35346K, committed 35456K, reserved 1079296K
  class space    used 4666K, capacity 4978K, committed 4992K, reserved 1048576K
Event: 108.768 GC heap after
Heap after GC invocations=10 (full 1):
 PSYoungGen      total 66560K, used 8162K [0x00000000eb500000, 0x00000000f1e00000, 0x0000000100000000)
  eden space 58368K, 0% used [0x00000000eb500000,0x00000000eb500000,0x00000000eee00000)
  from space 8192K, 99% used [0x00000000eee00000,0x00000000ef5f8bf0,0x00000000ef600000)
  to   space 9728K, 0% used [0x00000000f1480000,0x00000000f1480000,0x00000000f1e00000)
 ParOldGen       total 35328K, used 11692K [0x00000000c1e00000, 0x00000000c4080000, 0x00000000eb500000)
  object space 35328K, 33% used [0x00000000c1e00000,0x00000000c296b238,0x00000000c4080000)
 Metaspace       used 33634K, capacity 35346K, committed 35456K, reserved 1079296K
  class space    used 4666K, capacity 4978K, committed 4992K, reserved 1048576K
}

